PS S:\GitHub\Yandex.Practicum\kafka\sprint03> scripts\01-create-topic.cmd
[STEP 1] Creating topic balanced_topic with 8 partitions and RF=3...
service "kafka-1" is not running
[ERROR] Failed to create topic.
PS S:\GitHub\Yandex.Practicum\kafka\sprint03> docker compose up -d
[+] up 6/6
 ✔ Network... Created                                                                                                                                                                                              0.0s
 ✔ Contain... Created                                                                                                                                                                                              0.1s
 ✔ Contain... Created                                                                                                                                                                                              0.2s
 ✔ Contain... Created                                                                                                                                                                                              0.2s
 ✔ Contain... Created                                                                                                                                                                                              0.1s
 ✘ Contain... Error response from daemon: Conflict. The container name "/kafka-ui" is already in use by container "df3aeee90105da18113d32b14656681eaf11e0d5b40fb7f00ff7f2859b51c912". You have to remove (or rename) that container to be able to reuse that name. 0.0s
Error response from daemon: Conflict. The container name "/kafka-ui" is already in use by container "df3aeee90105da18113d32b14656681eaf11e0d5b40fb7f00ff7f2859b51c912". You have to remove (or rename) that container to be able to reuse that name.
PS S:\GitHub\Yandex.Practicum\kafka\sprint03> docker compose up -d
[+] up 6/6
 ✔ Network sprint03_default       Created                                                                                                                                                                          0.0s
 ✔ Container sprint03-zookeeper-1 Created                                                                                                                                                                          0.0s
 ✔ Container sprint03-kafka-2-1   Created                                                                                                                                                                          0.1s
 ✔ Container sprint03-kafka-1-1   Created                                                                                                                                                                          0.0s
 ✔ Container sprint03-kafka-3-1   Created                                                                                                                                                                          0.0s
 ✔ Container kafka-ui             Created                                                                                                                                                                          0.0s
PS S:\GitHub\Yandex.Practicum\kafka\sprint03> docker compose ps
NAME                   IMAGE                              COMMAND                  SERVICE     CREATED          STATUS          PORTS
kafka-ui               ghcr.io/kafbat/kafka-ui:latest     "/bin/sh -c 'java --…"   kafka-ui    11 seconds ago   Up 10 seconds   0.0.0.0:8080->8080/tcp, [::]:8080->8080/tcp
sprint03-kafka-1-1     confluentinc/cp-kafka:7.4.13       "/etc/confluent/dock…"   kafka-1     11 seconds ago   Up 10 seconds   0.0.0.0:9092->9092/tcp, [::]:9092->9092/tcp
sprint03-kafka-2-1     confluentinc/cp-kafka:7.4.13       "/etc/confluent/dock…"   kafka-2     11 seconds ago   Up 10 seconds   0.0.0.0:9093->9092/tcp, [::]:9093->9092/tcp
sprint03-kafka-3-1     confluentinc/cp-kafka:7.4.13       "/etc/confluent/dock…"   kafka-3     11 seconds ago   Up 10 seconds   0.0.0.0:9094->9092/tcp, [::]:9094->9092/tcp
sprint03-zookeeper-1   confluentinc/cp-zookeeper:7.4.13   "/etc/confluent/dock…"   zookeeper   11 seconds ago   Up 10 seconds   0.0.0.0:2181->2181/tcp, [::]:2181->2181/tcp
PS S:\GitHub\Yandex.Practicum\kafka\sprint03> scripts\01-create-topic.cmd
[STEP 1] Creating topic balanced_topic with 8 partitions and RF=3...
WARNING: Due to limitations in metric names, topics with a period ('.') or underscore ('_') could collide. To avoid issues it is best to use either, but not both.
Created topic balanced_topic.
[OK] Topic creation step completed.
PS S:\GitHub\Yandex.Practicum\kafka\sprint03> scripts\02-describe-topic-before.cmd
[STEP 2] Current partition distribution for balanced_topic:
Topic: balanced_topic   TopicId: IbEpI319RSq3lgfu37JoMA PartitionCount: 8       ReplicationFactor: 3    Configs: 
        Topic: balanced_topic   Partition: 0    Leader: 2       Replicas: 2,1,3 Isr: 2,1,3
        Topic: balanced_topic   Partition: 1    Leader: 3       Replicas: 3,2,1 Isr: 3,2,1
        Topic: balanced_topic   Partition: 2    Leader: 1       Replicas: 1,3,2 Isr: 1,3,2
        Topic: balanced_topic   Partition: 3    Leader: 2       Replicas: 2,3,1 Isr: 2,3,1
        Topic: balanced_topic   Partition: 4    Leader: 3       Replicas: 3,1,2 Isr: 3,1,2
        Topic: balanced_topic   Partition: 5    Leader: 1       Replicas: 1,2,3 Isr: 1,2,3
        Topic: balanced_topic   Partition: 6    Leader: 2       Replicas: 2,1,3 Isr: 2,1,3
        Topic: balanced_topic   Partition: 7    Leader: 3       Replicas: 3,2,1 Isr: 3,2,1
[OK] Describe-before step completed.
PS S:\GitHub\Yandex.Practicum\kafka\sprint03> scripts\03-generate-reassignment-json.cmd
[STEP 3] Generating reassignment plan to assets\reassignment.json ...
[OK] Reassignment JSON saved to assets\reassignment.json
PS S:\GitHub\Yandex.Practicum\kafka\sprint03> scripts\04-execute-reassignment.cmd
[STEP 4] Executing partition reassignment...
Current partition replica assignment

{"version":1,"partitions":[{"topic":"balanced_topic","partition":0,"replicas":[2,1,3],"log_dirs":["any","any","any"]},{"topic":"balanced_topic","partition":1,"replicas":[3,2,1],"log_dirs":["any","any","any"]},{"topic":"balanced_topic","partition":2,"replicas":[1,3,2],"log_dirs":["any","any","any"]},{"topic":"balanced_topic","partition":3,"replicas":[2,3,1],"log_dirs":["any","any","any"]},{"topic":"balanced_topic","partition":4,"replicas":[3,1,2],"log_dirs":["any","any","any"]},{"topic":"balanced_topic","partition":5,"replicas":[1,2,3],"log_dirs":["any","any","any"]},{"topic":"balanced_topic","partition":6,"replicas":[2,1,3],"log_dirs":["any","any","any"]},{"topic":"balanced_topic","partition":7,"replicas":[3,2,1],"log_dirs":["any","any","any"]}]}

Save this to use as the --reassignment-json-file option during rollback
Successfully started partition reassignments for balanced_topic-0,balanced_topic-1,balanced_topic-2,balanced_topic-3,balanced_topic-4,balanced_topic-5,balanced_topic-6,balanced_topic-7
[OK] Reassignment execution command sent.
PS S:\GitHub\Yandex.Practicum\kafka\sprint03> scripts\05-verify-reassignment.cmd
[STEP 5] Verifying partition reassignment status...
Status of partition reassignment:
Reassignment of partition balanced_topic-0 is completed.
Reassignment of partition balanced_topic-1 is completed.
Reassignment of partition balanced_topic-2 is completed.
Reassignment of partition balanced_topic-3 is completed.
Reassignment of partition balanced_topic-4 is completed.
Reassignment of partition balanced_topic-5 is completed.
Reassignment of partition balanced_topic-6 is completed.
Reassignment of partition balanced_topic-7 is completed.

Clearing broker-level throttles on brokers 1,2,3
Clearing topic-level throttles on topic balanced_topic
[OK] Verify command completed.
PS S:\GitHub\Yandex.Practicum\kafka\sprint03> scripts\06-describe-topic-after.cmd
[STEP 6] Partition distribution after reassignment:
Topic: balanced_topic   TopicId: IbEpI319RSq3lgfu37JoMA PartitionCount: 8       ReplicationFactor: 3    Configs: 
        Topic: balanced_topic   Partition: 0    Leader: 2       Replicas: 3,1,2 Isr: 2,1,3
        Topic: balanced_topic   Partition: 1    Leader: 3       Replicas: 1,2,3 Isr: 3,2,1
        Topic: balanced_topic   Partition: 2    Leader: 1       Replicas: 2,3,1 Isr: 1,3,2
        Topic: balanced_topic   Partition: 3    Leader: 2       Replicas: 3,2,1 Isr: 2,3,1
        Topic: balanced_topic   Partition: 4    Leader: 3       Replicas: 1,3,2 Isr: 3,1,2
        Topic: balanced_topic   Partition: 5    Leader: 1       Replicas: 2,1,3 Isr: 1,2,3
        Topic: balanced_topic   Partition: 6    Leader: 2       Replicas: 3,1,2 Isr: 2,1,3
        Topic: balanced_topic   Partition: 7    Leader: 3       Replicas: 1,2,3 Isr: 3,2,1
[OK] Describe-after step completed.
PS S:\GitHub\Yandex.Practicum\kafka\sprint03> scripts\07-stop-broker-kafka-1.cmd
[STEP 7.1] Stopping broker kafka-1...
[+] stop 1/1
 ✔ Container sprint03-kafka-1-1 Stopped                                                                                                                                                                            1.0s
[OK] kafka-1 stopped.
PS S:\GitHub\Yandex.Practicum\kafka\sprint03> scripts\08-check-topics-during-failure.cmd
[STEP 7.2] Checking topic state while kafka-1 is down...
[INFO] Full metadata for balanced_topic:
Topic: balanced_topic   TopicId: IbEpI319RSq3lgfu37JoMA PartitionCount: 8       ReplicationFactor: 3    Configs: 
        Topic: balanced_topic   Partition: 0    Leader: 2       Replicas: 3,1,2 Isr: 2,3
        Topic: balanced_topic   Partition: 1    Leader: 3       Replicas: 1,2,3 Isr: 3,2
        Topic: balanced_topic   Partition: 2    Leader: 2       Replicas: 2,3,1 Isr: 3,2
        Topic: balanced_topic   Partition: 3    Leader: 2       Replicas: 3,2,1 Isr: 2,3
        Topic: balanced_topic   Partition: 4    Leader: 3       Replicas: 1,3,2 Isr: 3,2
        Topic: balanced_topic   Partition: 5    Leader: 2       Replicas: 2,1,3 Isr: 2,3
        Topic: balanced_topic   Partition: 6    Leader: 2       Replicas: 3,1,2 Isr: 2,3
        Topic: balanced_topic   Partition: 7    Leader: 3       Replicas: 1,2,3 Isr: 3,2
[INFO] Under-replicated partitions (expected during failure):
        Topic: balanced_topic   Partition: 0    Leader: 2       Replicas: 3,1,2 Isr: 2,3
        Topic: balanced_topic   Partition: 1    Leader: 3       Replicas: 1,2,3 Isr: 3,2
        Topic: balanced_topic   Partition: 2    Leader: 2       Replicas: 2,3,1 Isr: 3,2
        Topic: balanced_topic   Partition: 3    Leader: 2       Replicas: 3,2,1 Isr: 2,3
        Topic: balanced_topic   Partition: 4    Leader: 3       Replicas: 1,3,2 Isr: 3,2
        Topic: balanced_topic   Partition: 5    Leader: 2       Replicas: 2,1,3 Isr: 2,3
        Topic: balanced_topic   Partition: 6    Leader: 2       Replicas: 3,1,2 Isr: 2,3
        Topic: balanced_topic   Partition: 7    Leader: 3       Replicas: 1,2,3 Isr: 3,2
[OK] Failure-state check completed.
PS S:\GitHub\Yandex.Practicum\kafka\sprint03> scripts\09-start-broker-kafka-1.cmd
[STEP 7.3] Starting broker kafka-1...
[+] start 1/1
 ✔ Container sprint03-kafka-1-1 Started                                                                                                                                                                            0.2s
[OK] kafka-1 started.
PS S:\GitHub\Yandex.Practicum\kafka\sprint03> scripts\10-check-isr-recovery.cmd
[STEP 7.4] Checking ISR recovery after kafka-1 restart...
[INFO] Wait ~15-60 seconds for replicas to catch up, then run this script.
Topic: balanced_topic   TopicId: IbEpI319RSq3lgfu37JoMA PartitionCount: 8       ReplicationFactor: 3    Configs: 
        Topic: balanced_topic   Partition: 0    Leader: 2       Replicas: 3,1,2 Isr: 2,3,1
        Topic: balanced_topic   Partition: 1    Leader: 3       Replicas: 1,2,3 Isr: 3,2,1
        Topic: balanced_topic   Partition: 2    Leader: 2       Replicas: 2,3,1 Isr: 3,2,1
        Topic: balanced_topic   Partition: 3    Leader: 2       Replicas: 3,2,1 Isr: 2,3,1
        Topic: balanced_topic   Partition: 4    Leader: 3       Replicas: 1,3,2 Isr: 3,2,1
        Topic: balanced_topic   Partition: 5    Leader: 2       Replicas: 2,1,3 Isr: 2,3,1
        Topic: balanced_topic   Partition: 6    Leader: 2       Replicas: 3,1,2 Isr: 2,3,1
        Topic: balanced_topic   Partition: 7    Leader: 3       Replicas: 1,2,3 Isr: 3,2,1
[INFO] Under-replicated partitions (should be empty when fully recovered):
[OK] ISR recovery check completed.
